# JRE version: Java(TM) SE Runtime Environment (7.0_51-b13) (build 1.7.0_51-b13)
# Java VM: Java HotSpot(TM) 64-Bit Server VM (24.51-b03 mixed mode bsd-amd64 compressed oops)
Heap
 PSYoungGen      total 76800K, used 17314K [0x00000007aaa80000, 0x00000007b0000000, 0x0000000800000000)
  eden space 66048K, 24% used [0x00000007aaa80000,0x00000007aba248e8,0x00000007aeb00000)
  from space 10752K, 12% used [0x00000007af580000,0x00000007af6c4030,0x00000007b0000000)
  to   space 10752K, 0% used [0x00000007aeb00000,0x00000007aeb00000,0x00000007af580000)
 ParOldGen       total 174592K, used 8K [0x0000000700000000, 0x000000070aa80000, 0x00000007aaa80000)
  object space 174592K, 0% used [0x0000000700000000,0x0000000700002000,0x000000070aa80000)
 PSPermGen       total 21504K, used 4184K [0x00000006fae00000, 0x00000006fc300000, 0x0000000700000000)
  object space 21504K, 19% used [0x00000006fae00000,0x00000006fb216318,0x00000006fc300000)
GC Heap History (4 events):
Event: 0.230 GC heap before
{Heap before GC invocations=1 (full 0):
 PSYoungGen      total 76800K, used 66048K [0x00000007aaa80000, 0x00000007b0000000, 0x0000000800000000)
  eden space 66048K, 100% used [0x00000007aaa80000,0x00000007aeb00000,0x00000007aeb00000)
  from space 10752K, 0% used [0x00000007af580000,0x00000007af580000,0x00000007b0000000)
  to   space 10752K, 0% used [0x00000007aeb00000,0x00000007aeb00000,0x00000007af580000)
 ParOldGen       total 174592K, used 0K [0x0000000700000000, 0x000000070aa80000, 0x00000007aaa80000)
  object space 174592K, 0% used [0x0000000700000000,0x0000000700000000,0x000000070aa80000)
 PSPermGen       total 21504K, used 4167K [0x00000006fae00000, 0x00000006fc300000, 0x0000000700000000)
  object space 21504K, 19% used [0x00000006fae00000,0x00000006fb211c48,0x00000006fc300000)
Event: 0.232 GC heap after
Heap after GC invocations=1 (full 0):
 PSYoungGen      total 76800K, used 1120K [0x00000007aaa80000, 0x00000007b0000000, 0x0000000800000000)
  eden space 66048K, 0% used [0x00000007aaa80000,0x00000007aaa80000,0x00000007aeb00000)
  from space 10752K, 10% used [0x00000007aeb00000,0x00000007aec18020,0x00000007af580000)
  to   space 10752K, 0% used [0x00000007af580000,0x00000007af580000,0x00000007b0000000)
 ParOldGen       total 174592K, used 8K [0x0000000700000000, 0x000000070aa80000, 0x00000007aaa80000)
  object space 174592K, 0% used [0x0000000700000000,0x0000000700002000,0x000000070aa80000)
 PSPermGen       total 21504K, used 4167K [0x00000006fae00000, 0x00000006fc300000, 0x0000000700000000)
  object space 21504K, 19% used [0x00000006fae00000,0x00000006fb211c48,0x00000006fc300000)
}
Event: 0.436 GC heap before
{Heap before GC invocations=2 (full 0):
 PSYoungGen      total 76800K, used 67168K [0x00000007aaa80000, 0x00000007b0000000, 0x0000000800000000)
  eden space 66048K, 100% used [0x00000007aaa80000,0x00000007aeb00000,0x00000007aeb00000)
  from space 10752K, 10% used [0x00000007aeb00000,0x00000007aec18020,0x00000007af580000)
  to   space 10752K, 0% used [0x00000007af580000,0x00000007af580000,0x00000007b0000000)
 ParOldGen       total 174592K, used 8K [0x0000000700000000, 0x000000070aa80000, 0x00000007aaa80000)
  object space 174592K, 0% used [0x0000000700000000,0x0000000700002000,0x000000070aa80000)
 PSPermGen       total 21504K, used 4181K [0x00000006fae00000, 0x00000006fc300000, 0x0000000700000000)
  object space 21504K, 19% used [0x00000006fae00000,0x00000006fb2155f0,0x00000006fc300000)
Event: 0.438 GC heap after
Heap after GC invocations=2 (full 0):
 PSYoungGen      total 76800K, used 1296K [0x00000007aaa80000, 0x00000007b0000000, 0x0000000800000000)
  eden space 66048K, 0% used [0x00000007aaa80000,0x00000007aaa80000,0x00000007aeb00000)
  from space 10752K, 12% used [0x00000007af580000,0x00000007af6c4030,0x00000007b0000000)
  to   space 10752K, 0% used [0x00000007aeb00000,0x00000007aeb00000,0x00000007af580000)
 ParOldGen       total 174592K, used 8K [0x0000000700000000, 0x000000070aa80000, 0x00000007aaa80000)
  object space 174592K, 0% used [0x0000000700000000,0x0000000700002000,0x000000070aa80000)
 PSPermGen       total 21504K, used 4181K [0x00000006fae00000, 0x00000006fc300000, 0x0000000700000000)
  object space 21504K, 19% used [0x00000006fae00000,0x00000006fb2155f0,0x00000006fc300000)
}

